Thu Jul 23 16:47:15 2015 [2293][-none-][FATAL] Configuration variable date.timezone is not set, guessed timezone UTC. Please set date.timezone="UTC" in php.ini!
Thu Jul 23 16:47:16 2015 [2293][-none-][FATAL] Configuration variable date.timezone is not set, guessed timezone UTC. Please set date.timezone="UTC" in php.ini!
Thu Jul 23 16:47:16 2015 [2293][-none-][FATAL] Configuration variable date.timezone is not set, guessed timezone UTC. Please set date.timezone="UTC" in php.ini!
Thu Jul 23 16:47:26 2015 [2293][-none-][FATAL] Configuration variable date.timezone is not set, guessed timezone UTC. Please set date.timezone="UTC" in php.ini!
Thu Jul 23 16:47:27 2015 [2293][-none-][FATAL] Configuration variable date.timezone is not set, guessed timezone UTC. Please set date.timezone="UTC" in php.ini!
Thu Jul 23 16:47:28 2015 [2293][-none-][FATAL] Configuration variable date.timezone is not set, guessed timezone UTC. Please set date.timezone="UTC" in php.ini!
Thu Jul 23 16:48:12 2015 [2293][-none-][FATAL] Configuration variable date.timezone is not set, guessed timezone UTC. Please set date.timezone="UTC" in php.ini!
Thu Jul 23 16:49:45 2015 [2293][-none-][FATAL] Configuration variable date.timezone is not set, guessed timezone UTC. Please set date.timezone="UTC" in php.ini!
Thu Jul 23 16:49:45 2015 [2293][-none-][FATAL] Configuration variable date.timezone is not set, guessed timezone UTC. Please set date.timezone="UTC" in php.ini!
Thu Jul 23 16:49:46 2015 [2293][-none-][FATAL] Configuration variable date.timezone is not set, guessed timezone UTC. Please set date.timezone="UTC" in php.ini!
Thu Jul 23 16:51:12 2015 [2293][-none-][FATAL] Configuration variable date.timezone is not set, guessed timezone UTC. Please set date.timezone="UTC" in php.ini!
Thu Jul 23 16:51:15 2015 [2293][-none-][FATAL] Configuration variable date.timezone is not set, guessed timezone UTC. Please set date.timezone="UTC" in php.ini!
Thu Jul 23 16:51:21 2015 [2293][-none-][FATAL] Configuration variable date.timezone is not set, guessed timezone UTC. Please set date.timezone="UTC" in php.ini!
Thu Jul 23 16:51:33 2015 [2293][-none-][FATAL] Configuration variable date.timezone is not set, guessed timezone UTC. Please set date.timezone="UTC" in php.ini!
Thu Jul 23 16:51:34 2015 [2293][-none-][FATAL] Configuration variable date.timezone is not set, guessed timezone UTC. Please set date.timezone="UTC" in php.ini!
Thu Jul 23 16:51:49 2015 [2293][-none-][FATAL] Configuration variable date.timezone is not set, guessed timezone UTC. Please set date.timezone="UTC" in php.ini!
Thu Jul 23 16:51:57 2015 [2293][-none-][FATAL] Configuration variable date.timezone is not set, guessed timezone UTC. Please set date.timezone="UTC" in php.ini!
Thu Jul 23 16:52:01 2015 [2293][-none-][FATAL] Configuration variable date.timezone is not set, guessed timezone UTC. Please set date.timezone="UTC" in php.ini!
Thu Jul 23 16:52:02 2015 [2293][-none-][FATAL] Configuration variable date.timezone is not set, guessed timezone UTC. Please set date.timezone="UTC" in php.ini!
Thu Jul 23 16:52:02 2015 [2293][-none-][FATAL] Configuration variable date.timezone is not set, guessed timezone UTC. Please set date.timezone="UTC" in php.ini!
Thu Jul 23 16:52:10 2015 [2293][-none-][FATAL] Configuration variable date.timezone is not set, guessed timezone UTC. Please set date.timezone="UTC" in php.ini!
Thu Jul 23 16:52:19 2015 [2293][-none-][FATAL] Configuration variable date.timezone is not set, guessed timezone UTC. Please set date.timezone="UTC" in php.ini!
Thu Jul 23 16:52:20 2015 [2293][-none-][FATAL] Configuration variable date.timezone is not set, guessed timezone UTC. Please set date.timezone="UTC" in php.ini!
Thu Jul 23 16:52:20 2015 [2293][-none-][FATAL] Configuration variable date.timezone is not set, guessed timezone UTC. Please set date.timezone="UTC" in php.ini!
Thu Jul 23 16:52:24 2015 [2293][-none-][FATAL] Configuration variable date.timezone is not set, guessed timezone UTC. Please set date.timezone="UTC" in php.ini!
Thu Jul 23 16:52:25 2015 [2293][-none-][FATAL] Configuration variable date.timezone is not set, guessed timezone UTC. Please set date.timezone="UTC" in php.ini!
Thu Jul 30 20:25:59 2015 [14412][-none-][FATAL] Configuration variable date.timezone is not set, guessed timezone UTC. Please set date.timezone="UTC" in php.ini!
Thu Jul 30 20:25:59 2015 [14412][-none-][FATAL] Could not connect to DB server 0.0.0.0 as root. port : Unknown database 'suitecrm'
Thu Jul 30 20:28:45 2015 [14412][-none-][FATAL] Configuration variable date.timezone is not set, guessed timezone UTC. Please set date.timezone="UTC" in php.ini!
Thu Jul 30 20:28:45 2015 [14412][-none-][FATAL] Could not connect to DB server 0.0.0.0 as root. port : Unknown database 'suitecrm'
Thu Jul 30 20:28:59 2015 [14412][-none-][FATAL] Could not connect to DB server 0.0.0.0 as root. port : Unknown database 'suitecrm'
Thu Jul 30 20:30:15 2015 [14596][-none-][FATAL] Could not connect to DB server 0.0.0.0 as root. port : Unknown database 'suitecrm'
Thu Jul 30 20:30:19 2015 [14596][-none-][FATAL] Could not connect to DB server 0.0.0.0 as root. port : Unknown database 'suitecrm'
Thu Jul 30 20:30:30 2015 [14596][-none-][FATAL] Could not connect to DB server 0.0.0.0 as root. port : Unknown database 'suitecrm'
Thu Jul 30 20:30:39 2015 [14596][-none-][FATAL] Could not connect to DB server 0.0.0.0 as root. port : Unknown database 'suitecrm'
Thu Jul 30 20:30:42 2015 [14596][-none-][FATAL] Could not connect to DB server 0.0.0.0 as root. port : Unknown database 'suitecrm'
Thu Jul 30 20:30:47 2015 [14596][-none-][FATAL] Could not connect to DB server 0.0.0.0 as root. port : Unknown database 'suitecrm'
Thu Jul 30 20:30:50 2015 [14596][-none-][FATAL] Could not connect to DB server 0.0.0.0 as root. port : Unknown database 'suitecrm'
Thu Jul 30 20:31:00 2015 [14596][-none-][FATAL] Could not connect to DB server 0.0.0.0 as root. port : Unknown database 'suitecrm'
Thu Jul 30 20:31:01 2015 [14596][-none-][FATAL] Could not connect to DB server 0.0.0.0 as root. port : Unknown database 'suitecrm'
Thu Jul 30 20:31:41 2015 [14596][-none-][FATAL] Could not connect to DB server 0.0.0.0 as root. port : Unknown database 'suitecrm'
Thu Jul 30 20:31:49 2015 [14596][-none-][FATAL] Could Not Connect: MySQL error 1253: COLLATION 'utf8mb4_polish_ci' is not valid for CHARACTER SET 'utf8'
Thu Jul 30 20:31:49 2015 [14596][-none-][FATAL] Could not connect to DB server 0.0.0.0 as root. port : Unknown database 'suitecrm'
Thu Jul 30 20:32:22 2015 [14596][-none-][FATAL] Could not connect to DB server 0.0.0.0 as root. port : Unknown database 'suitecrm'
Thu Jul 30 20:33:55 2015 [14596][-none-][FATAL] Could Not Connect: MySQL error 1253: COLLATION 'utf8mb4_polish_ci' is not valid for CHARACTER SET 'utf8'
Thu Jul 30 20:34:40 2015 [14596][-none-][FATAL] Could Not Connect: MySQL error 1253: COLLATION 'utf8mb4_polish_ci' is not valid for CHARACTER SET 'utf8'
Thu Jul 30 20:35:13 2015 [14596][-none-][FATAL] Could Not Connect: MySQL error 1253: COLLATION 'utf8mb4_polish_ci' is not valid for CHARACTER SET 'utf8'
Thu Jul 30 21:04:22 2015 [9225][-none-][FATAL] Configuration variable date.timezone is not set, guessed timezone UTC. Please set date.timezone="UTC" in php.ini!
Thu Jul 30 21:04:22 2015 [9225][-none-][FATAL] Could not connect to DB server 0.0.0.0 as root. port : Unknown database 'suitecrm'
Thu Jul 30 21:04:25 2015 [9225][-none-][FATAL] Configuration variable date.timezone is not set, guessed timezone UTC. Please set date.timezone="UTC" in php.ini!
Thu Jul 30 21:04:25 2015 [9225][-none-][FATAL] Could not connect to DB server 0.0.0.0 as root. port : Unknown database 'suitecrm'
Thu Jul 30 21:04:25 2015 [9225][-none-][FATAL] Configuration variable date.timezone is not set, guessed timezone UTC. Please set date.timezone="UTC" in php.ini!
Thu Jul 30 21:04:25 2015 [9225][-none-][FATAL] Could not connect to DB server 0.0.0.0 as root. port : Unknown database 'suitecrm'
Thu Jul 30 21:04:26 2015 [9225][-none-][FATAL] Configuration variable date.timezone is not set, guessed timezone UTC. Please set date.timezone="UTC" in php.ini!
Thu Jul 30 21:04:26 2015 [9225][-none-][FATAL] Could not connect to DB server 0.0.0.0 as root. port : Unknown database 'suitecrm'
Thu Jul 30 21:04:26 2015 [9225][-none-][FATAL] Configuration variable date.timezone is not set, guessed timezone UTC. Please set date.timezone="UTC" in php.ini!
Thu Jul 30 21:04:26 2015 [9225][-none-][FATAL] Could not connect to DB server 0.0.0.0 as root. port : Unknown database 'suitecrm'
Thu Jul 30 21:04:26 2015 [9225][-none-][FATAL] Configuration variable date.timezone is not set, guessed timezone UTC. Please set date.timezone="UTC" in php.ini!
Thu Jul 30 21:04:26 2015 [9225][-none-][FATAL] Could not connect to DB server 0.0.0.0 as root. port : Unknown database 'suitecrm'
Thu Jul 30 21:04:26 2015 [9225][-none-][FATAL] Configuration variable date.timezone is not set, guessed timezone UTC. Please set date.timezone="UTC" in php.ini!
Thu Jul 30 21:04:26 2015 [9225][-none-][FATAL] Could not connect to DB server 0.0.0.0 as root. port : Unknown database 'suitecrm'
Thu Jul 30 21:04:26 2015 [9225][-none-][FATAL] Configuration variable date.timezone is not set, guessed timezone UTC. Please set date.timezone="UTC" in php.ini!
Thu Jul 30 21:04:26 2015 [9225][-none-][FATAL] Could not connect to DB server 0.0.0.0 as root. port : Unknown database 'suitecrm'
Thu Jul 30 21:05:10 2015 [9225][-none-][FATAL] Could not connect to DB server 0.0.0.0 as root. port : Unknown database 'suitecrm'
Thu Jul 30 21:05:12 2015 [9225][-none-][FATAL] Could not connect to DB server 0.0.0.0 as root. port : Unknown database 'suitecrm'
Thu Jul 30 21:06:41 2015 [9225][-none-][FATAL] Could not connect to DB server 0.0.0.0 as root. port : Unknown database 'suitecrm'
Thu Jul 30 21:06:45 2015 [9225][-none-][FATAL] Could not connect to DB server 0.0.0.0 as root. port : Unknown database 'suitecrm'
Thu Jul 30 21:06:49 2015 [9225][-none-][FATAL] Could not connect to DB server 0.0.0.0 as root. port : Unknown database 'suitecrm'
Thu Jul 30 21:07:01 2015 [9225][-none-][FATAL] Could not connect to DB server 0.0.0.0 as root. port : Unknown database 'suitecrm'
Thu Jul 30 21:07:04 2015 [9225][-none-][FATAL] Could not connect to DB server 0.0.0.0 as root. port : Unknown database 'suitecrm'
Thu Jul 30 21:07:07 2015 [9225][-none-][FATAL] Could not connect to DB server 0.0.0.0 as root. port : Unknown database 'suitecrm'
Thu Jul 30 21:07:09 2015 [9225][-none-][FATAL] Could not connect to DB server 0.0.0.0 as root. port : Unknown database 'suitecrm'
Thu Jul 30 21:07:16 2015 [9225][-none-][FATAL] Could not connect to DB server 0.0.0.0 as root. port : Unknown database 'suitecrm'
Thu Jul 30 21:07:16 2015 [9225][-none-][FATAL] Could not connect to DB server 0.0.0.0 as root. port : Unknown database 'suitecrm'
Thu Jul 30 21:07:23 2015 [9225][-none-][FATAL] Could not connect to DB server 0.0.0.0 as root. port : Unknown database 'suitecrm'
Thu Jul 30 21:07:36 2015 [9225][-none-][FATAL]  Query Failed: SELECT id FROM aow_workflow WHERE aow_workflow.flow_module = 'ACLActions' AND aow_workflow.status = 'Active' AND aow_workflow.deleted = 0 : MySQL error 1146: Table 'suitecrm.aow_workflow' doesn't exist
Thu Jul 30 21:07:36 2015 [9225][-none-][FATAL]  Query Failed: SELECT id FROM aow_workflow WHERE aow_workflow.flow_module = 'ACLActions' AND aow_workflow.status = 'Active' AND aow_workflow.deleted = 0 : MySQL error 1146: Table 'suitecrm.aow_workflow' doesn't exist
Thu Jul 30 21:07:36 2015 [9225][-none-][FATAL]  Query Failed: SELECT id FROM aow_workflow WHERE aow_workflow.flow_module = 'ACLActions' AND aow_workflow.status = 'Active' AND aow_workflow.deleted = 0 : MySQL error 1146: Table 'suitecrm.aow_workflow' doesn't exist
Thu Jul 30 21:07:36 2015 [9225][-none-][FATAL]  Query Failed: SELECT id FROM aow_workflow WHERE aow_workflow.flow_module = 'ACLActions' AND aow_workflow.status = 'Active' AND aow_workflow.deleted = 0 : MySQL error 1146: Table 'suitecrm.aow_workflow' doesn't exist
Thu Jul 30 21:07:36 2015 [9225][-none-][FATAL]  Query Failed: SELECT id FROM aow_workflow WHERE aow_workflow.flow_module = 'ACLActions' AND aow_workflow.status = 'Active' AND aow_workflow.deleted = 0 : MySQL error 1146: Table 'suitecrm.aow_workflow' doesn't exist
Thu Jul 30 21:07:36 2015 [9225][-none-][FATAL]  Query Failed: SELECT id FROM aow_workflow WHERE aow_workflow.flow_module = 'ACLActions' AND aow_workflow.status = 'Active' AND aow_workflow.deleted = 0 : MySQL error 1146: Table 'suitecrm.aow_workflow' doesn't exist
Thu Jul 30 21:07:36 2015 [9225][-none-][FATAL]  Query Failed: SELECT id FROM aow_workflow WHERE aow_workflow.flow_module = 'ACLActions' AND aow_workflow.status = 'Active' AND aow_workflow.deleted = 0 : MySQL error 1146: Table 'suitecrm.aow_workflow' doesn't exist
Thu Jul 30 21:07:36 2015 [9225][-none-][FATAL]  Query Failed: SELECT id FROM aow_workflow WHERE aow_workflow.flow_module = 'ACLActions' AND aow_workflow.status = 'Active' AND aow_workflow.deleted = 0 : MySQL error 1146: Table 'suitecrm.aow_workflow' doesn't exist
Thu Jul 30 21:07:36 2015 [9225][-none-][FATAL]  Query Failed: SELECT id FROM aow_workflow WHERE aow_workflow.flow_module = 'ACLActions' AND aow_workflow.status = 'Active' AND aow_workflow.deleted = 0 : MySQL error 1146: Table 'suitecrm.aow_workflow' doesn't exist
Thu Jul 30 21:07:36 2015 [9225][-none-][FATAL]  Query Failed: SELECT id FROM aow_workflow WHERE aow_workflow.flow_module = 'ACLActions' AND aow_workflow.status = 'Active' AND aow_workflow.deleted = 0 : MySQL error 1146: Table 'suitecrm.aow_workflow' doesn't exist
Thu Jul 30 21:07:36 2015 [9225][-none-][FATAL]  Query Failed: SELECT id FROM aow_workflow WHERE aow_workflow.flow_module = 'ACLActions' AND aow_workflow.status = 'Active' AND aow_workflow.deleted = 0 : MySQL error 1146: Table 'suitecrm.aow_workflow' doesn't exist
Thu Jul 30 21:07:36 2015 [9225][-none-][FATAL]  Query Failed: SELECT id FROM aow_workflow WHERE aow_workflow.flow_module = 'ACLActions' AND aow_workflow.status = 'Active' AND aow_workflow.deleted = 0 : MySQL error 1146: Table 'suitecrm.aow_workflow' doesn't exist
Thu Jul 30 21:07:36 2015 [9225][-none-][FATAL]  Query Failed: SELECT id FROM aow_workflow WHERE aow_workflow.flow_module = 'ACLActions' AND aow_workflow.status = 'Active' AND aow_workflow.deleted = 0 : MySQL error 1146: Table 'suitecrm.aow_workflow' doesn't exist
Thu Jul 30 21:07:36 2015 [9225][-none-][FATAL]  Query Failed: SELECT id FROM aow_workflow WHERE aow_workflow.flow_module = 'ACLActions' AND aow_workflow.status = 'Active' AND aow_workflow.deleted = 0 : MySQL error 1146: Table 'suitecrm.aow_workflow' doesn't exist
Thu Jul 30 21:07:36 2015 [9225][-none-][FATAL]  Query Failed: SELECT id FROM aow_workflow WHERE aow_workflow.flow_module = 'ACLActions' AND aow_workflow.status = 'Active' AND aow_workflow.deleted = 0 : MySQL error 1146: Table 'suitecrm.aow_workflow' doesn't exist
Thu Jul 30 21:07:36 2015 [9225][-none-][FATAL]  Query Failed: SELECT id FROM aow_workflow WHERE aow_workflow.flow_module = 'ACLActions' AND aow_workflow.status = 'Active' AND aow_workflow.deleted = 0 : MySQL error 1146: Table 'suitecrm.aow_workflow' doesn't exist
Thu Jul 30 21:07:36 2015 [9225][-none-][FATAL]  Query Failed: SELECT id FROM aow_workflow WHERE aow_workflow.flow_module = 'ACLActions' AND aow_workflow.status = 'Active' AND aow_workflow.deleted = 0 : MySQL error 1146: Table 'suitecrm.aow_workflow' doesn't exist
Thu Jul 30 21:07:36 2015 [9225][-none-][FATAL]  Query Failed: SELECT id FROM aow_workflow WHERE aow_workflow.flow_module = 'ACLActions' AND aow_workflow.status = 'Active' AND aow_workflow.deleted = 0 : MySQL error 1146: Table 'suitecrm.aow_workflow' doesn't exist
Thu Jul 30 21:07:36 2015 [9225][-none-][FATAL]  Query Failed: SELECT id FROM aow_workflow WHERE aow_workflow.flow_module = 'ACLActions' AND aow_workflow.status = 'Active' AND aow_workflow.deleted = 0 : MySQL error 1146: Table 'suitecrm.aow_workflow' doesn't exist
Thu Jul 30 21:07:36 2015 [9225][-none-][FATAL]  Query Failed: SELECT id FROM aow_workflow WHERE aow_workflow.flow_module = 'ACLActions' AND aow_workflow.status = 'Active' AND aow_workflow.deleted = 0 : MySQL error 1146: Table 'suitecrm.aow_workflow' doesn't exist
Thu Jul 30 21:07:36 2015 [9225][-none-][FATAL]  Query Failed: SELECT id FROM aow_workflow WHERE aow_workflow.flow_module = 'ACLActions' AND aow_workflow.status = 'Active' AND aow_workflow.deleted = 0 : MySQL error 1146: Table 'suitecrm.aow_workflow' doesn't exist
Thu Jul 30 21:07:36 2015 [9225][-none-][FATAL]  Query Failed: SELECT id FROM aow_workflow WHERE aow_workflow.flow_module = 'ACLActions' AND aow_workflow.status = 'Active' AND aow_workflow.deleted = 0 : MySQL error 1146: Table 'suitecrm.aow_workflow' doesn't exist
Thu Jul 30 21:07:36 2015 [9225][-none-][FATAL]  Query Failed: SELECT id FROM aow_workflow WHERE aow_workflow.flow_module = 'ACLActions' AND aow_workflow.status = 'Active' AND aow_workflow.deleted = 0 : MySQL error 1146: Table 'suitecrm.aow_workflow' doesn't exist
Thu Jul 30 21:07:36 2015 [9225][-none-][FATAL]  Query Failed: SELECT id FROM aow_workflow WHERE aow_workflow.flow_module = 'ACLActions' AND aow_workflow.status = 'Active' AND aow_workflow.deleted = 0 : MySQL error 1146: Table 'suitecrm.aow_workflow' doesn't exist
Thu Jul 30 21:07:36 2015 [9225][-none-][FATAL]  Query Failed: SELECT id FROM aow_workflow WHERE aow_workflow.flow_module = 'ACLActions' AND aow_workflow.status = 'Active' AND aow_workflow.deleted = 0 : MySQL error 1146: Table 'suitecrm.aow_workflow' doesn't exist
Thu Jul 30 21:07:36 2015 [9225][-none-][FATAL]  Query Failed: SELECT id FROM aow_workflow WHERE aow_workflow.flow_module = 'ACLActions' AND aow_workflow.status = 'Active' AND aow_workflow.deleted = 0 : MySQL error 1146: Table 'suitecrm.aow_workflow' doesn't exist
Thu Jul 30 21:07:36 2015 [9225][-none-][FATAL]  Query Failed: SELECT id FROM aow_workflow WHERE aow_workflow.flow_module = 'ACLActions' AND aow_workflow.status = 'Active' AND aow_workflow.deleted = 0 : MySQL error 1146: Table 'suitecrm.aow_workflow' doesn't exist
Thu Jul 30 21:07:36 2015 [9225][-none-][FATAL]  Query Failed: SELECT id FROM aow_workflow WHERE aow_workflow.flow_module = 'ACLActions' AND aow_workflow.status = 'Active' AND aow_workflow.deleted = 0 : MySQL error 1146: Table 'suitecrm.aow_workflow' doesn't exist
Thu Jul 30 21:07:36 2015 [9225][-none-][FATAL]  Query Failed: SELECT id FROM aow_workflow WHERE aow_workflow.flow_module = 'ACLActions' AND aow_workflow.status = 'Active' AND aow_workflow.deleted = 0 : MySQL error 1146: Table 'suitecrm.aow_workflow' doesn't exist
Thu Jul 30 21:07:36 2015 [9225][-none-][FATAL]  Query Failed: SELECT id FROM aow_workflow WHERE aow_workflow.flow_module = 'ACLActions' AND aow_workflow.status = 'Active' AND aow_workflow.deleted = 0 : MySQL error 1146: Table 'suitecrm.aow_workflow' doesn't exist
Thu Jul 30 21:07:36 2015 [9225][-none-][FATAL]  Query Failed: SELECT id FROM aow_workflow WHERE aow_workflow.flow_module = 'ACLActions' AND aow_workflow.status = 'Active' AND aow_workflow.deleted = 0 : MySQL error 1146: Table 'suitecrm.aow_workflow' doesn't exist
Thu Jul 30 21:07:36 2015 [9225][-none-][FATAL]  Query Failed: SELECT id FROM aow_workflow WHERE aow_workflow.flow_module = 'ACLActions' AND aow_workflow.status = 'Active' AND aow_workflow.deleted = 0 : MySQL error 1146: Table 'suitecrm.aow_workflow' doesn't exist
Thu Jul 30 21:07:36 2015 [9225][-none-][FATAL]  Query Failed: SELECT id FROM aow_workflow WHERE aow_workflow.flow_module = 'ACLActions' AND aow_workflow.status = 'Active' AND aow_workflow.deleted = 0 : MySQL error 1146: Table 'suitecrm.aow_workflow' doesn't exist
Thu Jul 30 21:07:36 2015 [9225][-none-][FATAL]  Query Failed: SELECT id FROM aow_workflow WHERE aow_workflow.flow_module = 'ACLActions' AND aow_workflow.status = 'Active' AND aow_workflow.deleted = 0 : MySQL error 1146: Table 'suitecrm.aow_workflow' doesn't exist
Thu Jul 30 21:07:36 2015 [9225][-none-][FATAL]  Query Failed: SELECT id FROM aow_workflow WHERE aow_workflow.flow_module = 'ACLActions' AND aow_workflow.status = 'Active' AND aow_workflow.deleted = 0 : MySQL error 1146: Table 'suitecrm.aow_workflow' doesn't exist
Thu Jul 30 21:07:36 2015 [9225][-none-][FATAL]  Query Failed: SELECT id FROM aow_workflow WHERE aow_workflow.flow_module = 'ACLActions' AND aow_workflow.status = 'Active' AND aow_workflow.deleted = 0 : MySQL error 1146: Table 'suitecrm.aow_workflow' doesn't exist
Thu Jul 30 21:07:36 2015 [9225][-none-][FATAL]  Query Failed: SELECT id FROM aow_workflow WHERE aow_workflow.flow_module = 'ACLActions' AND aow_workflow.status = 'Active' AND aow_workflow.deleted = 0 : MySQL error 1146: Table 'suitecrm.aow_workflow' doesn't exist
Thu Jul 30 21:07:36 2015 [9225][-none-][FATAL]  Query Failed: SELECT id FROM aow_workflow WHERE aow_workflow.flow_module = 'ACLActions' AND aow_workflow.status = 'Active' AND aow_workflow.deleted = 0 : MySQL error 1146: Table 'suitecrm.aow_workflow' doesn't exist
Thu Jul 30 21:07:36 2015 [9225][-none-][FATAL]  Query Failed: SELECT id FROM aow_workflow WHERE aow_workflow.flow_module = 'ACLActions' AND aow_workflow.status = 'Active' AND aow_workflow.deleted = 0 : MySQL error 1146: Table 'suitecrm.aow_workflow' doesn't exist
Thu Jul 30 21:07:36 2015 [9225][-none-][FATAL]  Query Failed: SELECT id FROM aow_workflow WHERE aow_workflow.flow_module = 'ACLActions' AND aow_workflow.status = 'Active' AND aow_workflow.deleted = 0 : MySQL error 1146: Table 'suitecrm.aow_workflow' doesn't exist
Thu Jul 30 21:07:37 2015 [9225][-none-][FATAL]  Query Failed: SELECT id FROM aow_workflow WHERE aow_workflow.flow_module = 'ACLActions' AND aow_workflow.status = 'Active' AND aow_workflow.deleted = 0 : MySQL error 1146: Table 'suitecrm.aow_workflow' doesn't exist
Thu Jul 30 21:07:37 2015 [9225][-none-][FATAL]  Query Failed: SELECT id FROM aow_workflow WHERE aow_workflow.flow_module = 'ACLActions' AND aow_workflow.status = 'Active' AND aow_workflow.deleted = 0 : MySQL error 1146: Table 'suitecrm.aow_workflow' doesn't exist
Thu Jul 30 21:07:37 2015 [9225][-none-][FATAL]  Query Failed: SELECT id FROM aow_workflow WHERE aow_workflow.flow_module = 'ACLActions' AND aow_workflow.status = 'Active' AND aow_workflow.deleted = 0 : MySQL error 1146: Table 'suitecrm.aow_workflow' doesn't exist
Thu Jul 30 21:07:37 2015 [9225][-none-][FATAL]  Query Failed: SELECT id FROM aow_workflow WHERE aow_workflow.flow_module = 'ACLActions' AND aow_workflow.status = 'Active' AND aow_workflow.deleted = 0 : MySQL error 1146: Table 'suitecrm.aow_workflow' doesn't exist
Thu Jul 30 21:07:37 2015 [9225][-none-][FATAL]  Query Failed: SELECT id FROM aow_workflow WHERE aow_workflow.flow_module = 'ACLActions' AND aow_workflow.status = 'Active' AND aow_workflow.deleted = 0 : MySQL error 1146: Table 'suitecrm.aow_workflow' doesn't exist
Thu Jul 30 21:07:37 2015 [9225][-none-][FATAL]  Query Failed: SELECT id FROM aow_workflow WHERE aow_workflow.flow_module = 'ACLActions' AND aow_workflow.status = 'Active' AND aow_workflow.deleted = 0 : MySQL error 1146: Table 'suitecrm.aow_workflow' doesn't exist
Thu Jul 30 21:07:37 2015 [9225][-none-][FATAL]  Query Failed: SELECT id FROM aow_workflow WHERE aow_workflow.flow_module = 'ACLActions' AND aow_workflow.status = 'Active' AND aow_workflow.deleted = 0 : MySQL error 1146: Table 'suitecrm.aow_workflow' doesn't exist
Thu Jul 30 21:07:37 2015 [9225][-none-][FATAL]  Query Failed: SELECT id FROM aow_workflow WHERE aow_workflow.flow_module = 'ACLActions' AND aow_workflow.status = 'Active' AND aow_workflow.deleted = 0 : MySQL error 1146: Table 'suitecrm.aow_workflow' doesn't exist
Thu Jul 30 21:07:37 2015 [9225][-none-][FATAL]  Query Failed: SELECT id FROM aow_workflow WHERE aow_workflow.flow_module = 'ACLActions' AND aow_workflow.status = 'Active' AND aow_workflow.deleted = 0 : MySQL error 1146: Table 'suitecrm.aow_workflow' doesn't exist
Thu Jul 30 21:07:37 2015 [9225][-none-][FATAL]  Query Failed: SELECT id FROM aow_workflow WHERE aow_workflow.flow_module = 'ACLActions' AND aow_workflow.status = 'Active' AND aow_workflow.deleted = 0 : MySQL error 1146: Table 'suitecrm.aow_workflow' doesn't exist
Thu Jul 30 21:07:37 2015 [9225][-none-][FATAL]  Query Failed: SELECT id FROM aow_workflow WHERE aow_workflow.flow_module = 'ACLActions' AND aow_workflow.status = 'Active' AND aow_workflow.deleted = 0 : MySQL error 1146: Table 'suitecrm.aow_workflow' doesn't exist
Thu Jul 30 21:07:37 2015 [9225][-none-][FATAL]  Query Failed: SELECT id FROM aow_workflow WHERE aow_workflow.flow_module = 'ACLActions' AND aow_workflow.status = 'Active' AND aow_workflow.deleted = 0 : MySQL error 1146: Table 'suitecrm.aow_workflow' doesn't exist
Thu Jul 30 21:07:37 2015 [9225][-none-][FATAL]  Query Failed: SELECT id FROM aow_workflow WHERE aow_workflow.flow_module = 'ACLActions' AND aow_workflow.status = 'Active' AND aow_workflow.deleted = 0 : MySQL error 1146: Table 'suitecrm.aow_workflow' doesn't exist
Thu Jul 30 21:07:37 2015 [9225][-none-][FATAL]  Query Failed: SELECT id FROM aow_workflow WHERE aow_workflow.flow_module = 'ACLActions' AND aow_workflow.status = 'Active' AND aow_workflow.deleted = 0 : MySQL error 1146: Table 'suitecrm.aow_workflow' doesn't exist
Thu Jul 30 21:07:37 2015 [9225][-none-][FATAL]  Query Failed: SELECT id FROM aow_workflow WHERE aow_workflow.flow_module = 'ACLActions' AND aow_workflow.status = 'Active' AND aow_workflow.deleted = 0 : MySQL error 1146: Table 'suitecrm.aow_workflow' doesn't exist
Thu Jul 30 21:07:37 2015 [9225][-none-][FATAL]  Query Failed: SELECT id FROM aow_workflow WHERE aow_workflow.flow_module = 'ACLActions' AND aow_workflow.status = 'Active' AND aow_workflow.deleted = 0 : MySQL error 1146: Table 'suitecrm.aow_workflow' doesn't exist
Thu Jul 30 21:07:37 2015 [9225][-none-][FATAL]  Query Failed: SELECT id FROM aow_workflow WHERE aow_workflow.flow_module = 'ACLActions' AND aow_workflow.status = 'Active' AND aow_workflow.deleted = 0 : MySQL error 1146: Table 'suitecrm.aow_workflow' doesn't exist
Thu Jul 30 21:07:37 2015 [9225][-none-][FATAL]  Query Failed: SELECT id FROM aow_workflow WHERE aow_workflow.flow_module = 'ACLActions' AND aow_workflow.status = 'Active' AND aow_workflow.deleted = 0 : MySQL error 1146: Table 'suitecrm.aow_workflow' doesn't exist
Thu Jul 30 21:07:37 2015 [9225][-none-][FATAL]  Query Failed: SELECT id FROM aow_workflow WHERE aow_workflow.flow_module = 'ACLActions' AND aow_workflow.status = 'Active' AND aow_workflow.deleted = 0 : MySQL error 1146: Table 'suitecrm.aow_workflow' doesn't exist
Thu Jul 30 21:07:37 2015 [9225][-none-][FATAL]  Query Failed: SELECT id FROM aow_workflow WHERE aow_workflow.flow_module = 'ACLActions' AND aow_workflow.status = 'Active' AND aow_workflow.deleted = 0 : MySQL error 1146: Table 'suitecrm.aow_workflow' doesn't exist
Thu Jul 30 21:07:37 2015 [9225][-none-][FATAL]  Query Failed: SELECT id FROM aow_workflow WHERE aow_workflow.flow_module = 'ACLActions' AND aow_workflow.status = 'Active' AND aow_workflow.deleted = 0 : MySQL error 1146: Table 'suitecrm.aow_workflow' doesn't exist
Thu Jul 30 21:07:37 2015 [9225][-none-][FATAL]  Query Failed: SELECT id FROM aow_workflow WHERE aow_workflow.flow_module = 'ACLActions' AND aow_workflow.status = 'Active' AND aow_workflow.deleted = 0 : MySQL error 1146: Table 'suitecrm.aow_workflow' doesn't exist
Thu Jul 30 21:07:37 2015 [9225][-none-][FATAL]  Query Failed: SELECT id FROM aow_workflow WHERE aow_workflow.flow_module = 'ACLActions' AND aow_workflow.status = 'Active' AND aow_workflow.deleted = 0 : MySQL error 1146: Table 'suitecrm.aow_workflow' doesn't exist
Thu Jul 30 21:07:37 2015 [9225][-none-][FATAL]  Query Failed: SELECT id FROM aow_workflow WHERE aow_workflow.flow_module = 'ACLActions' AND aow_workflow.status = 'Active' AND aow_workflow.deleted = 0 : MySQL error 1146: Table 'suitecrm.aow_workflow' doesn't exist
Thu Jul 30 21:07:37 2015 [9225][-none-][FATAL]  Query Failed: SELECT id FROM aow_workflow WHERE aow_workflow.flow_module = 'ACLActions' AND aow_workflow.status = 'Active' AND aow_workflow.deleted = 0 : MySQL error 1146: Table 'suitecrm.aow_workflow' doesn't exist
Thu Jul 30 21:07:37 2015 [9225][-none-][FATAL]  Query Failed: SELECT id FROM aow_workflow WHERE aow_workflow.flow_module = 'ACLActions' AND aow_workflow.status = 'Active' AND aow_workflow.deleted = 0 : MySQL error 1146: Table 'suitecrm.aow_workflow' doesn't exist
Thu Jul 30 21:07:37 2015 [9225][-none-][FATAL]  Query Failed: SELECT id FROM aow_workflow WHERE aow_workflow.flow_module = 'ACLActions' AND aow_workflow.status = 'Active' AND aow_workflow.deleted = 0 : MySQL error 1146: Table 'suitecrm.aow_workflow' doesn't exist
Thu Jul 30 21:07:37 2015 [9225][-none-][FATAL]  Query Failed: SELECT id FROM aow_workflow WHERE aow_workflow.flow_module = 'ACLActions' AND aow_workflow.status = 'Active' AND aow_workflow.deleted = 0 : MySQL error 1146: Table 'suitecrm.aow_workflow' doesn't exist
Thu Jul 30 21:07:37 2015 [9225][-none-][FATAL]  Query Failed: SELECT id FROM aow_workflow WHERE aow_workflow.flow_module = 'ACLActions' AND aow_workflow.status = 'Active' AND aow_workflow.deleted = 0 : MySQL error 1146: Table 'suitecrm.aow_workflow' doesn't exist
Thu Jul 30 21:07:37 2015 [9225][-none-][FATAL]  Query Failed: SELECT id FROM aow_workflow WHERE aow_workflow.flow_module = 'ACLActions' AND aow_workflow.status = 'Active' AND aow_workflow.deleted = 0 : MySQL error 1146: Table 'suitecrm.aow_workflow' doesn't exist
Thu Jul 30 21:07:37 2015 [9225][-none-][FATAL]  Query Failed: SELECT id FROM aow_workflow WHERE aow_workflow.flow_module = 'ACLActions' AND aow_workflow.status = 'Active' AND aow_workflow.deleted = 0 : MySQL error 1146: Table 'suitecrm.aow_workflow' doesn't exist
Thu Jul 30 21:07:37 2015 [9225][-none-][FATAL]  Query Failed: SELECT id FROM aow_workflow WHERE aow_workflow.flow_module = 'ACLActions' AND aow_workflow.status = 'Active' AND aow_workflow.deleted = 0 : MySQL error 1146: Table 'suitecrm.aow_workflow' doesn't exist
Thu Jul 30 21:07:37 2015 [9225][-none-][FATAL]  Query Failed: SELECT id FROM aow_workflow WHERE aow_workflow.flow_module = 'ACLActions' AND aow_workflow.status = 'Active' AND aow_workflow.deleted = 0 : MySQL error 1146: Table 'suitecrm.aow_workflow' doesn't exist
Thu Jul 30 21:07:37 2015 [9225][-none-][FATAL]  Query Failed: SELECT id FROM aow_workflow WHERE aow_workflow.flow_module = 'ACLActions' AND aow_workflow.status = 'Active' AND aow_workflow.deleted = 0 : MySQL error 1146: Table 'suitecrm.aow_workflow' doesn't exist
Thu Jul 30 21:07:37 2015 [9225][-none-][FATAL]  Query Failed: SELECT id FROM aow_workflow WHERE aow_workflow.flow_module = 'ACLActions' AND aow_workflow.status = 'Active' AND aow_workflow.deleted = 0 : MySQL error 1146: Table 'suitecrm.aow_workflow' doesn't exist
Thu Jul 30 21:07:37 2015 [9225][-none-][FATAL]  Query Failed: SELECT id FROM aow_workflow WHERE aow_workflow.flow_module = 'ACLActions' AND aow_workflow.status = 'Active' AND aow_workflow.deleted = 0 : MySQL error 1146: Table 'suitecrm.aow_workflow' doesn't exist
Thu Jul 30 21:07:37 2015 [9225][-none-][FATAL]  Query Failed: SELECT id FROM aow_workflow WHERE aow_workflow.flow_module = 'ACLActions' AND aow_workflow.status = 'Active' AND aow_workflow.deleted = 0 : MySQL error 1146: Table 'suitecrm.aow_workflow' doesn't exist
Thu Jul 30 21:07:37 2015 [9225][-none-][FATAL]  Query Failed: SELECT id FROM aow_workflow WHERE aow_workflow.flow_module = 'ACLActions' AND aow_workflow.status = 'Active' AND aow_workflow.deleted = 0 : MySQL error 1146: Table 'suitecrm.aow_workflow' doesn't exist
Thu Jul 30 21:07:37 2015 [9225][-none-][FATAL]  Query Failed: SELECT id FROM aow_workflow WHERE aow_workflow.flow_module = 'ACLActions' AND aow_workflow.status = 'Active' AND aow_workflow.deleted = 0 : MySQL error 1146: Table 'suitecrm.aow_workflow' doesn't exist
Thu Jul 30 21:07:37 2015 [9225][-none-][FATAL]  Query Failed: SELECT id FROM aow_workflow WHERE aow_workflow.flow_module = 'ACLActions' AND aow_workflow.status = 'Active' AND aow_workflow.deleted = 0 : MySQL error 1146: Table 'suitecrm.aow_workflow' doesn't exist
Thu Jul 30 21:07:37 2015 [9225][-none-][FATAL]  Query Failed: SELECT id FROM aow_workflow WHERE aow_workflow.flow_module = 'ACLActions' AND aow_workflow.status = 'Active' AND aow_workflow.deleted = 0 : MySQL error 1146: Table 'suitecrm.aow_workflow' doesn't exist
Thu Jul 30 21:07:37 2015 [9225][-none-][FATAL]  Query Failed: SELECT id FROM aow_workflow WHERE aow_workflow.flow_module = 'ACLActions' AND aow_workflow.status = 'Active' AND aow_workflow.deleted = 0 : MySQL error 1146: Table 'suitecrm.aow_workflow' doesn't exist
Thu Jul 30 21:07:37 2015 [9225][-none-][FATAL]  Query Failed: SELECT id FROM aow_workflow WHERE aow_workflow.flow_module = 'ACLActions' AND aow_workflow.status = 'Active' AND aow_workflow.deleted = 0 : MySQL error 1146: Table 'suitecrm.aow_workflow' doesn't exist
Thu Jul 30 21:07:37 2015 [9225][-none-][FATAL]  Query Failed: SELECT id FROM aow_workflow WHERE aow_workflow.flow_module = 'ACLActions' AND aow_workflow.status = 'Active' AND aow_workflow.deleted = 0 : MySQL error 1146: Table 'suitecrm.aow_workflow' doesn't exist
Thu Jul 30 21:07:37 2015 [9225][-none-][FATAL]  Query Failed: SELECT id FROM aow_workflow WHERE aow_workflow.flow_module = 'ACLActions' AND aow_workflow.status = 'Active' AND aow_workflow.deleted = 0 : MySQL error 1146: Table 'suitecrm.aow_workflow' doesn't exist
Thu Jul 30 21:07:37 2015 [9225][-none-][FATAL]  Query Failed: SELECT id FROM aow_workflow WHERE aow_workflow.flow_module = 'ACLActions' AND aow_workflow.status = 'Active' AND aow_workflow.deleted = 0 : MySQL error 1146: Table 'suitecrm.aow_workflow' doesn't exist
Thu Jul 30 21:07:37 2015 [9225][-none-][FATAL]  Query Failed: SELECT id FROM aow_workflow WHERE aow_workflow.flow_module = 'ACLActions' AND aow_workflow.status = 'Active' AND aow_workflow.deleted = 0 : MySQL error 1146: Table 'suitecrm.aow_workflow' doesn't exist
Thu Jul 30 21:07:37 2015 [9225][-none-][FATAL]  Query Failed: SELECT id FROM aow_workflow WHERE aow_workflow.flow_module = 'ACLActions' AND aow_workflow.status = 'Active' AND aow_workflow.deleted = 0 : MySQL error 1146: Table 'suitecrm.aow_workflow' doesn't exist
Thu Jul 30 21:07:37 2015 [9225][-none-][FATAL]  Query Failed: SELECT id FROM aow_workflow WHERE aow_workflow.flow_module = 'ACLActions' AND aow_workflow.status = 'Active' AND aow_workflow.deleted = 0 : MySQL error 1146: Table 'suitecrm.aow_workflow' doesn't exist
Thu Jul 30 21:07:37 2015 [9225][-none-][FATAL]  Query Failed: SELECT id FROM aow_workflow WHERE aow_workflow.flow_module = 'ACLActions' AND aow_workflow.status = 'Active' AND aow_workflow.deleted = 0 : MySQL error 1146: Table 'suitecrm.aow_workflow' doesn't exist
Thu Jul 30 21:07:37 2015 [9225][-none-][FATAL]  Query Failed: SELECT id FROM aow_workflow WHERE aow_workflow.flow_module = 'ACLActions' AND aow_workflow.status = 'Active' AND aow_workflow.deleted = 0 : MySQL error 1146: Table 'suitecrm.aow_workflow' doesn't exist
Thu Jul 30 21:07:37 2015 [9225][-none-][FATAL]  Query Failed: SELECT id FROM aow_workflow WHERE aow_workflow.flow_module = 'ACLActions' AND aow_workflow.status = 'Active' AND aow_workflow.deleted = 0 : MySQL error 1146: Table 'suitecrm.aow_workflow' doesn't exist
Thu Jul 30 21:07:37 2015 [9225][-none-][FATAL]  Query Failed: SELECT id FROM aow_workflow WHERE aow_workflow.flow_module = 'ACLActions' AND aow_workflow.status = 'Active' AND aow_workflow.deleted = 0 : MySQL error 1146: Table 'suitecrm.aow_workflow' doesn't exist
Thu Jul 30 21:07:37 2015 [9225][-none-][FATAL]  Query Failed: SELECT id FROM aow_workflow WHERE aow_workflow.flow_module = 'ACLActions' AND aow_workflow.status = 'Active' AND aow_workflow.deleted = 0 : MySQL error 1146: Table 'suitecrm.aow_workflow' doesn't exist
Thu Jul 30 21:07:37 2015 [9225][-none-][FATAL]  Query Failed: SELECT id FROM aow_workflow WHERE aow_workflow.flow_module = 'ACLActions' AND aow_workflow.status = 'Active' AND aow_workflow.deleted = 0 : MySQL error 1146: Table 'suitecrm.aow_workflow' doesn't exist
Thu Jul 30 21:07:37 2015 [9225][-none-][FATAL]  Query Failed: SELECT id FROM aow_workflow WHERE aow_workflow.flow_module = 'ACLActions' AND aow_workflow.status = 'Active' AND aow_workflow.deleted = 0 : MySQL error 1146: Table 'suitecrm.aow_workflow' doesn't exist
Thu Jul 30 21:07:38 2015 [9225][-none-][FATAL]  Query Failed: SELECT id FROM aow_workflow WHERE aow_workflow.flow_module = 'ACLActions' AND aow_workflow.status = 'Active' AND aow_workflow.deleted = 0 : MySQL error 1146: Table 'suitecrm.aow_workflow' doesn't exist
Thu Jul 30 21:07:38 2015 [9225][-none-][FATAL]  Query Failed: SELECT id FROM aow_workflow WHERE aow_workflow.flow_module = 'ACLActions' AND aow_workflow.status = 'Active' AND aow_workflow.deleted = 0 : MySQL error 1146: Table 'suitecrm.aow_workflow' doesn't exist
Thu Jul 30 21:07:38 2015 [9225][-none-][FATAL]  Query Failed: SELECT id FROM aow_workflow WHERE aow_workflow.flow_module = 'ACLActions' AND aow_workflow.status = 'Active' AND aow_workflow.deleted = 0 : MySQL error 1146: Table 'suitecrm.aow_workflow' doesn't exist
Thu Jul 30 21:07:38 2015 [9225][-none-][FATAL]  Query Failed: SELECT id FROM aow_workflow WHERE aow_workflow.flow_module = 'ACLActions' AND aow_workflow.status = 'Active' AND aow_workflow.deleted = 0 : MySQL error 1146: Table 'suitecrm.aow_workflow' doesn't exist
Thu Jul 30 21:07:38 2015 [9225][-none-][FATAL]  Query Failed: SELECT id FROM aow_workflow WHERE aow_workflow.flow_module = 'ACLActions' AND aow_workflow.status = 'Active' AND aow_workflow.deleted = 0 : MySQL error 1146: Table 'suitecrm.aow_workflow' doesn't exist
Thu Jul 30 21:07:38 2015 [9225][-none-][FATAL]  Query Failed: SELECT id FROM aow_workflow WHERE aow_workflow.flow_module = 'ACLActions' AND aow_workflow.status = 'Active' AND aow_workflow.deleted = 0 : MySQL error 1146: Table 'suitecrm.aow_workflow' doesn't exist
Thu Jul 30 21:07:38 2015 [9225][-none-][FATAL]  Query Failed: SELECT id FROM aow_workflow WHERE aow_workflow.flow_module = 'ACLActions' AND aow_workflow.status = 'Active' AND aow_workflow.deleted = 0 : MySQL error 1146: Table 'suitecrm.aow_workflow' doesn't exist
Thu Jul 30 21:07:38 2015 [9225][-none-][FATAL]  Query Failed: SELECT id FROM aow_workflow WHERE aow_workflow.flow_module = 'ACLActions' AND aow_workflow.status = 'Active' AND aow_workflow.deleted = 0 : MySQL error 1146: Table 'suitecrm.aow_workflow' doesn't exist
Thu Jul 30 21:07:38 2015 [9225][-none-][FATAL]  Query Failed: SELECT id FROM aow_workflow WHERE aow_workflow.flow_module = 'ACLActions' AND aow_workflow.status = 'Active' AND aow_workflow.deleted = 0 : MySQL error 1146: Table 'suitecrm.aow_workflow' doesn't exist
Thu Jul 30 21:07:38 2015 [9225][-none-][FATAL]  Query Failed: SELECT id FROM aow_workflow WHERE aow_workflow.flow_module = 'ACLActions' AND aow_workflow.status = 'Active' AND aow_workflow.deleted = 0 : MySQL error 1146: Table 'suitecrm.aow_workflow' doesn't exist
Thu Jul 30 21:07:38 2015 [9225][-none-][FATAL]  Query Failed: SELECT id FROM aow_workflow WHERE aow_workflow.flow_module = 'ACLActions' AND aow_workflow.status = 'Active' AND aow_workflow.deleted = 0 : MySQL error 1146: Table 'suitecrm.aow_workflow' doesn't exist
Thu Jul 30 21:07:38 2015 [9225][-none-][FATAL]  Query Failed: SELECT id FROM aow_workflow WHERE aow_workflow.flow_module = 'ACLActions' AND aow_workflow.status = 'Active' AND aow_workflow.deleted = 0 : MySQL error 1146: Table 'suitecrm.aow_workflow' doesn't exist
Thu Jul 30 21:07:38 2015 [9225][-none-][FATAL]  Query Failed: SELECT id FROM aow_workflow WHERE aow_workflow.flow_module = 'ACLActions' AND aow_workflow.status = 'Active' AND aow_workflow.deleted = 0 : MySQL error 1146: Table 'suitecrm.aow_workflow' doesn't exist
Thu Jul 30 21:07:38 2015 [9225][-none-][FATAL]  Query Failed: SELECT id FROM aow_workflow WHERE aow_workflow.flow_module = 'ACLActions' AND aow_workflow.status = 'Active' AND aow_workflow.deleted = 0 : MySQL error 1146: Table 'suitecrm.aow_workflow' doesn't exist
Thu Jul 30 21:07:38 2015 [9225][-none-][FATAL]  Query Failed: SELECT id FROM aow_workflow WHERE aow_workflow.flow_module = 'ACLActions' AND aow_workflow.status = 'Active' AND aow_workflow.deleted = 0 : MySQL error 1146: Table 'suitecrm.aow_workflow' doesn't exist
Thu Jul 30 21:07:38 2015 [9225][-none-][FATAL]  Query Failed: SELECT id FROM aow_workflow WHERE aow_workflow.flow_module = 'ACLActions' AND aow_workflow.status = 'Active' AND aow_workflow.deleted = 0 : MySQL error 1146: Table 'suitecrm.aow_workflow' doesn't exist
Thu Jul 30 21:07:38 2015 [9225][-none-][FATAL]  Query Failed: SELECT id FROM aow_workflow WHERE aow_workflow.flow_module = 'ACLActions' AND aow_workflow.status = 'Active' AND aow_workflow.deleted = 0 : MySQL error 1146: Table 'suitecrm.aow_workflow' doesn't exist
Thu Jul 30 21:07:38 2015 [9225][-none-][FATAL]  Query Failed: SELECT id FROM aow_workflow WHERE aow_workflow.flow_module = 'ACLActions' AND aow_workflow.status = 'Active' AND aow_workflow.deleted = 0 : MySQL error 1146: Table 'suitecrm.aow_workflow' doesn't exist
Thu Jul 30 21:07:38 2015 [9225][-none-][FATAL]  Query Failed: SELECT id FROM aow_workflow WHERE aow_workflow.flow_module = 'ACLActions' AND aow_workflow.status = 'Active' AND aow_workflow.deleted = 0 : MySQL error 1146: Table 'suitecrm.aow_workflow' doesn't exist
Thu Jul 30 21:07:38 2015 [9225][-none-][FATAL]  Query Failed: SELECT id FROM aow_workflow WHERE aow_workflow.flow_module = 'ACLActions' AND aow_workflow.status = 'Active' AND aow_workflow.deleted = 0 : MySQL error 1146: Table 'suitecrm.aow_workflow' doesn't exist
Thu Jul 30 21:07:38 2015 [9225][-none-][FATAL]  Query Failed: SELECT id FROM aow_workflow WHERE aow_workflow.flow_module = 'ACLActions' AND aow_workflow.status = 'Active' AND aow_workflow.deleted = 0 : MySQL error 1146: Table 'suitecrm.aow_workflow' doesn't exist
Thu Jul 30 21:07:38 2015 [9225][-none-][FATAL]  Query Failed: SELECT id FROM aow_workflow WHERE aow_workflow.flow_module = 'ACLActions' AND aow_workflow.status = 'Active' AND aow_workflow.deleted = 0 : MySQL error 1146: Table 'suitecrm.aow_workflow' doesn't exist
Thu Jul 30 21:07:38 2015 [9225][-none-][FATAL]  Query Failed: SELECT id FROM aow_workflow WHERE aow_workflow.flow_module = 'ACLActions' AND aow_workflow.status = 'Active' AND aow_workflow.deleted = 0 : MySQL error 1146: Table 'suitecrm.aow_workflow' doesn't exist
Thu Jul 30 21:07:38 2015 [9225][-none-][FATAL]  Query Failed: SELECT id FROM aow_workflow WHERE aow_workflow.flow_module = 'ACLActions' AND aow_workflow.status = 'Active' AND aow_workflow.deleted = 0 : MySQL error 1146: Table 'suitecrm.aow_workflow' doesn't exist
Thu Jul 30 21:07:38 2015 [9225][-none-][FATAL]  Query Failed: SELECT id FROM aow_workflow WHERE aow_workflow.flow_module = 'ACLActions' AND aow_workflow.status = 'Active' AND aow_workflow.deleted = 0 : MySQL error 1146: Table 'suitecrm.aow_workflow' doesn't exist
Thu Jul 30 21:07:38 2015 [9225][-none-][FATAL]  Query Failed: SELECT id FROM aow_workflow WHERE aow_workflow.flow_module = 'ACLActions' AND aow_workflow.status = 'Active' AND aow_workflow.deleted = 0 : MySQL error 1146: Table 'suitecrm.aow_workflow' doesn't exist
Thu Jul 30 21:07:38 2015 [9225][-none-][FATAL]  Query Failed: SELECT id FROM aow_workflow WHERE aow_workflow.flow_module = 'ACLActions' AND aow_workflow.status = 'Active' AND aow_workflow.deleted = 0 : MySQL error 1146: Table 'suitecrm.aow_workflow' doesn't exist
Thu Jul 30 21:07:38 2015 [9225][-none-][FATAL]  Query Failed: SELECT id FROM aow_workflow WHERE aow_workflow.flow_module = 'ACLActions' AND aow_workflow.status = 'Active' AND aow_workflow.deleted = 0 : MySQL error 1146: Table 'suitecrm.aow_workflow' doesn't exist
Thu Jul 30 21:07:38 2015 [9225][-none-][FATAL]  Query Failed: SELECT id FROM aow_workflow WHERE aow_workflow.flow_module = 'ACLActions' AND aow_workflow.status = 'Active' AND aow_workflow.deleted = 0 : MySQL error 1146: Table 'suitecrm.aow_workflow' doesn't exist
Thu Jul 30 21:07:38 2015 [9225][-none-][FATAL]  Query Failed: SELECT id FROM aow_workflow WHERE aow_workflow.flow_module = 'ACLActions' AND aow_workflow.status = 'Active' AND aow_workflow.deleted = 0 : MySQL error 1146: Table 'suitecrm.aow_workflow' doesn't exist
Thu Jul 30 21:07:38 2015 [9225][-none-][FATAL]  Query Failed: SELECT id FROM aow_workflow WHERE aow_workflow.flow_module = 'ACLActions' AND aow_workflow.status = 'Active' AND aow_workflow.deleted = 0 : MySQL error 1146: Table 'suitecrm.aow_workflow' doesn't exist
Thu Jul 30 21:07:38 2015 [9225][-none-][FATAL]  Query Failed: SELECT id FROM aow_workflow WHERE aow_workflow.flow_module = 'ACLActions' AND aow_workflow.status = 'Active' AND aow_workflow.deleted = 0 : MySQL error 1146: Table 'suitecrm.aow_workflow' doesn't exist
Thu Jul 30 21:07:38 2015 [9225][-none-][FATAL]  Query Failed: SELECT id FROM aow_workflow WHERE aow_workflow.flow_module = 'ACLActions' AND aow_workflow.status = 'Active' AND aow_workflow.deleted = 0 : MySQL error 1146: Table 'suitecrm.aow_workflow' doesn't exist
Thu Jul 30 21:07:38 2015 [9225][-none-][FATAL]  Query Failed: SELECT id FROM aow_workflow WHERE aow_workflow.flow_module = 'ACLActions' AND aow_workflow.status = 'Active' AND aow_workflow.deleted = 0 : MySQL error 1146: Table 'suitecrm.aow_workflow' doesn't exist
Thu Jul 30 21:07:38 2015 [9225][-none-][FATAL]  Query Failed: SELECT id FROM aow_workflow WHERE aow_workflow.flow_module = 'ACLActions' AND aow_workflow.status = 'Active' AND aow_workflow.deleted = 0 : MySQL error 1146: Table 'suitecrm.aow_workflow' doesn't exist
Thu Jul 30 21:07:38 2015 [9225][-none-][FATAL]  Query Failed: SELECT id FROM aow_workflow WHERE aow_workflow.flow_module = 'ACLActions' AND aow_workflow.status = 'Active' AND aow_workflow.deleted = 0 : MySQL error 1146: Table 'suitecrm.aow_workflow' doesn't exist
Thu Jul 30 21:07:38 2015 [9225][-none-][FATAL]  Query Failed: SELECT id FROM aow_workflow WHERE aow_workflow.flow_module = 'ACLActions' AND aow_workflow.status = 'Active' AND aow_workflow.deleted = 0 : MySQL error 1146: Table 'suitecrm.aow_workflow' doesn't exist
Thu Jul 30 21:07:38 2015 [9225][-none-][FATAL]  Query Failed: SELECT id FROM aow_workflow WHERE aow_workflow.flow_module = 'ACLActions' AND aow_workflow.status = 'Active' AND aow_workflow.deleted = 0 : MySQL error 1146: Table 'suitecrm.aow_workflow' doesn't exist
Thu Jul 30 21:07:38 2015 [9225][-none-][FATAL]  Query Failed: SELECT id FROM aow_workflow WHERE aow_workflow.flow_module = 'ACLActions' AND aow_workflow.status = 'Active' AND aow_workflow.deleted = 0 : MySQL error 1146: Table 'suitecrm.aow_workflow' doesn't exist
Thu Jul 30 21:07:38 2015 [9225][-none-][FATAL]  Query Failed: SELECT id FROM aow_workflow WHERE aow_workflow.flow_module = 'ACLActions' AND aow_workflow.status = 'Active' AND aow_workflow.deleted = 0 : MySQL error 1146: Table 'suitecrm.aow_workflow' doesn't exist
Thu Jul 30 21:07:38 2015 [9225][-none-][FATAL]  Query Failed: SELECT id FROM aow_workflow WHERE aow_workflow.flow_module = 'ACLActions' AND aow_workflow.status = 'Active' AND aow_workflow.deleted = 0 : MySQL error 1146: Table 'suitecrm.aow_workflow' doesn't exist
Thu Jul 30 21:07:38 2015 [9225][-none-][FATAL]  Query Failed: SELECT id FROM aow_workflow WHERE aow_workflow.flow_module = 'ACLActions' AND aow_workflow.status = 'Active' AND aow_workflow.deleted = 0 : MySQL error 1146: Table 'suitecrm.aow_workflow' doesn't exist
Thu Jul 30 21:07:38 2015 [9225][-none-][FATAL]  Query Failed: SELECT id FROM aow_workflow WHERE aow_workflow.flow_module = 'ACLActions' AND aow_workflow.status = 'Active' AND aow_workflow.deleted = 0 : MySQL error 1146: Table 'suitecrm.aow_workflow' doesn't exist
Thu Jul 30 21:07:38 2015 [9225][-none-][FATAL]  Query Failed: SELECT id FROM aow_workflow WHERE aow_workflow.flow_module = 'ACLActions' AND aow_workflow.status = 'Active' AND aow_workflow.deleted = 0 : MySQL error 1146: Table 'suitecrm.aow_workflow' doesn't exist
Thu Jul 30 21:07:38 2015 [9225][-none-][FATAL]  Query Failed: SELECT id FROM aow_workflow WHERE aow_workflow.flow_module = 'ACLActions' AND aow_workflow.status = 'Active' AND aow_workflow.deleted = 0 : MySQL error 1146: Table 'suitecrm.aow_workflow' doesn't exist
Thu Jul 30 21:07:38 2015 [9225][-none-][FATAL]  Query Failed: SELECT id FROM aow_workflow WHERE aow_workflow.flow_module = 'ACLActions' AND aow_workflow.status = 'Active' AND aow_workflow.deleted = 0 : MySQL error 1146: Table 'suitecrm.aow_workflow' doesn't exist
Thu Jul 30 21:07:38 2015 [9225][-none-][FATAL]  Query Failed: SELECT id FROM aow_workflow WHERE aow_workflow.flow_module = 'ACLActions' AND aow_workflow.status = 'Active' AND aow_workflow.deleted = 0 : MySQL error 1146: Table 'suitecrm.aow_workflow' doesn't exist
Thu Jul 30 21:07:38 2015 [9225][-none-][FATAL]  Query Failed: SELECT id FROM aow_workflow WHERE aow_workflow.flow_module = 'ACLActions' AND aow_workflow.status = 'Active' AND aow_workflow.deleted = 0 : MySQL error 1146: Table 'suitecrm.aow_workflow' doesn't exist
Thu Jul 30 21:07:38 2015 [9225][-none-][FATAL]  Query Failed: SELECT id FROM aow_workflow WHERE aow_workflow.flow_module = 'ACLActions' AND aow_workflow.status = 'Active' AND aow_workflow.deleted = 0 : MySQL error 1146: Table 'suitecrm.aow_workflow' doesn't exist
Thu Jul 30 21:07:38 2015 [9225][-none-][FATAL]  Query Failed: SELECT id FROM aow_workflow WHERE aow_workflow.flow_module = 'ACLActions' AND aow_workflow.status = 'Active' AND aow_workflow.deleted = 0 : MySQL error 1146: Table 'suitecrm.aow_workflow' doesn't exist
Thu Jul 30 21:07:38 2015 [9225][-none-][FATAL]  Query Failed: SELECT id FROM aow_workflow WHERE aow_workflow.flow_module = 'ACLActions' AND aow_workflow.status = 'Active' AND aow_workflow.deleted = 0 : MySQL error 1146: Table 'suitecrm.aow_workflow' doesn't exist
Thu Jul 30 21:07:38 2015 [9225][-none-][FATAL]  Query Failed: SELECT id FROM aow_workflow WHERE aow_workflow.flow_module = 'ACLActions' AND aow_workflow.status = 'Active' AND aow_workflow.deleted = 0 : MySQL error 1146: Table 'suitecrm.aow_workflow' doesn't exist
Thu Jul 30 21:07:38 2015 [9225][-none-][FATAL]  Query Failed: SELECT id FROM aow_workflow WHERE aow_workflow.flow_module = 'ACLActions' AND aow_workflow.status = 'Active' AND aow_workflow.deleted = 0 : MySQL error 1146: Table 'suitecrm.aow_workflow' doesn't exist
Thu Jul 30 21:07:38 2015 [9225][-none-][FATAL]  Query Failed: SELECT id FROM aow_workflow WHERE aow_workflow.flow_module = 'ACLActions' AND aow_workflow.status = 'Active' AND aow_workflow.deleted = 0 : MySQL error 1146: Table 'suitecrm.aow_workflow' doesn't exist
Thu Jul 30 21:07:38 2015 [9225][-none-][FATAL]  Query Failed: SELECT id FROM aow_workflow WHERE aow_workflow.flow_module = 'ACLActions' AND aow_workflow.status = 'Active' AND aow_workflow.deleted = 0 : MySQL error 1146: Table 'suitecrm.aow_workflow' doesn't exist
Thu Jul 30 21:07:38 2015 [9225][-none-][FATAL]  Query Failed: SELECT id FROM aow_workflow WHERE aow_workflow.flow_module = 'ACLActions' AND aow_workflow.status = 'Active' AND aow_workflow.deleted = 0 : MySQL error 1146: Table 'suitecrm.aow_workflow' doesn't exist
Thu Jul 30 21:07:39 2015 [9225][-none-][FATAL]  Query Failed: SELECT id FROM aow_workflow WHERE aow_workflow.flow_module = 'ACLActions' AND aow_workflow.status = 'Active' AND aow_workflow.deleted = 0 : MySQL error 1146: Table 'suitecrm.aow_workflow' doesn't exist
Thu Jul 30 21:07:39 2015 [9225][-none-][FATAL]  Query Failed: SELECT id FROM aow_workflow WHERE aow_workflow.flow_module = 'ACLActions' AND aow_workflow.status = 'Active' AND aow_workflow.deleted = 0 : MySQL error 1146: Table 'suitecrm.aow_workflow' doesn't exist
Thu Jul 30 21:07:39 2015 [9225][-none-][FATAL]  Query Failed: SELECT id FROM aow_workflow WHERE aow_workflow.flow_module = 'ACLActions' AND aow_workflow.status = 'Active' AND aow_workflow.deleted = 0 : MySQL error 1146: Table 'suitecrm.aow_workflow' doesn't exist
Thu Jul 30 21:07:39 2015 [9225][-none-][FATAL]  Query Failed: SELECT id FROM aow_workflow WHERE aow_workflow.flow_module = 'ACLActions' AND aow_workflow.status = 'Active' AND aow_workflow.deleted = 0 : MySQL error 1146: Table 'suitecrm.aow_workflow' doesn't exist
Thu Jul 30 21:07:39 2015 [9225][-none-][FATAL]  Query Failed: SELECT id FROM aow_workflow WHERE aow_workflow.flow_module = 'ACLActions' AND aow_workflow.status = 'Active' AND aow_workflow.deleted = 0 : MySQL error 1146: Table 'suitecrm.aow_workflow' doesn't exist
Thu Jul 30 21:07:39 2015 [9225][-none-][FATAL]  Query Failed: SELECT id FROM aow_workflow WHERE aow_workflow.flow_module = 'ACLActions' AND aow_workflow.status = 'Active' AND aow_workflow.deleted = 0 : MySQL error 1146: Table 'suitecrm.aow_workflow' doesn't exist
Thu Jul 30 21:07:39 2015 [9225][-none-][FATAL]  Query Failed: SELECT id FROM aow_workflow WHERE aow_workflow.flow_module = 'ACLActions' AND aow_workflow.status = 'Active' AND aow_workflow.deleted = 0 : MySQL error 1146: Table 'suitecrm.aow_workflow' doesn't exist
Thu Jul 30 21:07:39 2015 [9225][-none-][FATAL]  Query Failed: SELECT id FROM aow_workflow WHERE aow_workflow.flow_module = 'ACLActions' AND aow_workflow.status = 'Active' AND aow_workflow.deleted = 0 : MySQL error 1146: Table 'suitecrm.aow_workflow' doesn't exist
Thu Jul 30 21:07:39 2015 [9225][-none-][FATAL]  Query Failed: SELECT id FROM aow_workflow WHERE aow_workflow.flow_module = 'ACLActions' AND aow_workflow.status = 'Active' AND aow_workflow.deleted = 0 : MySQL error 1146: Table 'suitecrm.aow_workflow' doesn't exist
Thu Jul 30 21:07:39 2015 [9225][-none-][FATAL]  Query Failed: SELECT id FROM aow_workflow WHERE aow_workflow.flow_module = 'ACLActions' AND aow_workflow.status = 'Active' AND aow_workflow.deleted = 0 : MySQL error 1146: Table 'suitecrm.aow_workflow' doesn't exist
Thu Jul 30 21:07:39 2015 [9225][-none-][FATAL]  Query Failed: SELECT id FROM aow_workflow WHERE aow_workflow.flow_module = 'ACLActions' AND aow_workflow.status = 'Active' AND aow_workflow.deleted = 0 : MySQL error 1146: Table 'suitecrm.aow_workflow' doesn't exist
Thu Jul 30 21:07:39 2015 [9225][-none-][FATAL]  Query Failed: SELECT id FROM aow_workflow WHERE aow_workflow.flow_module = 'ACLActions' AND aow_workflow.status = 'Active' AND aow_workflow.deleted = 0 : MySQL error 1146: Table 'suitecrm.aow_workflow' doesn't exist
Thu Jul 30 21:07:39 2015 [9225][-none-][FATAL]  Query Failed: SELECT id FROM aow_workflow WHERE aow_workflow.flow_module = 'ACLActions' AND aow_workflow.status = 'Active' AND aow_workflow.deleted = 0 : MySQL error 1146: Table 'suitecrm.aow_workflow' doesn't exist
Thu Jul 30 21:07:39 2015 [9225][-none-][FATAL]  Query Failed: SELECT id FROM aow_workflow WHERE aow_workflow.flow_module = 'ACLActions' AND aow_workflow.status = 'Active' AND aow_workflow.deleted = 0 : MySQL error 1146: Table 'suitecrm.aow_workflow' doesn't exist
Thu Jul 30 21:07:39 2015 [9225][-none-][FATAL]  Query Failed: SELECT id FROM aow_workflow WHERE aow_workflow.flow_module = 'ACLActions' AND aow_workflow.status = 'Active' AND aow_workflow.deleted = 0 : MySQL error 1146: Table 'suitecrm.aow_workflow' doesn't exist
Thu Jul 30 21:07:39 2015 [9225][-none-][FATAL]  Query Failed: SELECT id FROM aow_workflow WHERE aow_workflow.flow_module = 'ACLActions' AND aow_workflow.status = 'Active' AND aow_workflow.deleted = 0 : MySQL error 1146: Table 'suitecrm.aow_workflow' doesn't exist
Thu Jul 30 21:07:39 2015 [9225][-none-][FATAL]  Query Failed: SELECT id FROM aow_workflow WHERE aow_workflow.flow_module = 'ACLActions' AND aow_workflow.status = 'Active' AND aow_workflow.deleted = 0 : MySQL error 1146: Table 'suitecrm.aow_workflow' doesn't exist
Thu Jul 30 21:07:39 2015 [9225][-none-][FATAL]  Query Failed: SELECT id FROM aow_workflow WHERE aow_workflow.flow_module = 'ACLActions' AND aow_workflow.status = 'Active' AND aow_workflow.deleted = 0 : MySQL error 1146: Table 'suitecrm.aow_workflow' doesn't exist
Thu Jul 30 21:07:39 2015 [9225][-none-][FATAL]  Query Failed: SELECT id FROM aow_workflow WHERE aow_workflow.flow_module = 'ACLActions' AND aow_workflow.status = 'Active' AND aow_workflow.deleted = 0 : MySQL error 1146: Table 'suitecrm.aow_workflow' doesn't exist
Thu Jul 30 21:07:39 2015 [9225][-none-][FATAL]  Query Failed: SELECT id FROM aow_workflow WHERE aow_workflow.flow_module = 'ACLActions' AND aow_workflow.status = 'Active' AND aow_workflow.deleted = 0 : MySQL error 1146: Table 'suitecrm.aow_workflow' doesn't exist
Thu Jul 30 21:07:39 2015 [9225][-none-][FATAL]  Query Failed: SELECT id FROM aow_workflow WHERE aow_workflow.flow_module = 'ACLActions' AND aow_workflow.status = 'Active' AND aow_workflow.deleted = 0 : MySQL error 1146: Table 'suitecrm.aow_workflow' doesn't exist
Thu Jul 30 21:07:39 2015 [9225][-none-][FATAL]  Query Failed: SELECT id FROM aow_workflow WHERE aow_workflow.flow_module = 'ACLActions' AND aow_workflow.status = 'Active' AND aow_workflow.deleted = 0 : MySQL error 1146: Table 'suitecrm.aow_workflow' doesn't exist
Thu Jul 30 21:07:39 2015 [9225][-none-][FATAL]  Query Failed: SELECT id FROM aow_workflow WHERE aow_workflow.flow_module = 'ACLActions' AND aow_workflow.status = 'Active' AND aow_workflow.deleted = 0 : MySQL error 1146: Table 'suitecrm.aow_workflow' doesn't exist
Thu Jul 30 21:07:39 2015 [9225][-none-][FATAL]  Query Failed: SELECT id FROM aow_workflow WHERE aow_workflow.flow_module = 'ACLActions' AND aow_workflow.status = 'Active' AND aow_workflow.deleted = 0 : MySQL error 1146: Table 'suitecrm.aow_workflow' doesn't exist
Thu Jul 30 21:07:39 2015 [9225][-none-][FATAL]  Query Failed: SELECT id FROM aow_workflow WHERE aow_workflow.flow_module = 'ACLActions' AND aow_workflow.status = 'Active' AND aow_workflow.deleted = 0 : MySQL error 1146: Table 'suitecrm.aow_workflow' doesn't exist
Thu Jul 30 21:07:39 2015 [9225][-none-][FATAL]  Query Failed: SELECT id FROM aow_workflow WHERE aow_workflow.flow_module = 'ACLActions' AND aow_workflow.status = 'Active' AND aow_workflow.deleted = 0 : MySQL error 1146: Table 'suitecrm.aow_workflow' doesn't exist
Thu Jul 30 21:07:39 2015 [9225][-none-][FATAL]  Query Failed: SELECT id FROM aow_workflow WHERE aow_workflow.flow_module = 'ACLActions' AND aow_workflow.status = 'Active' AND aow_workflow.deleted = 0 : MySQL error 1146: Table 'suitecrm.aow_workflow' doesn't exist
Thu Jul 30 21:07:39 2015 [9225][-none-][FATAL]  Query Failed: SELECT id FROM aow_workflow WHERE aow_workflow.flow_module = 'ACLActions' AND aow_workflow.status = 'Active' AND aow_workflow.deleted = 0 : MySQL error 1146: Table 'suitecrm.aow_workflow' doesn't exist
Thu Jul 30 21:07:39 2015 [9225][-none-][FATAL]  Query Failed: SELECT id FROM aow_workflow WHERE aow_workflow.flow_module = 'ACLActions' AND aow_workflow.status = 'Active' AND aow_workflow.deleted = 0 : MySQL error 1146: Table 'suitecrm.aow_workflow' doesn't exist
Thu Jul 30 21:07:39 2015 [9225][-none-][FATAL]  Query Failed: SELECT id FROM aow_workflow WHERE aow_workflow.flow_module = 'ACLActions' AND aow_workflow.status = 'Active' AND aow_workflow.deleted = 0 : MySQL error 1146: Table 'suitecrm.aow_workflow' doesn't exist
Thu Jul 30 21:07:39 2015 [9225][-none-][FATAL]  Query Failed: SELECT id FROM aow_workflow WHERE aow_workflow.flow_module = 'ACLActions' AND aow_workflow.status = 'Active' AND aow_workflow.deleted = 0 : MySQL error 1146: Table 'suitecrm.aow_workflow' doesn't exist
Thu Jul 30 21:07:39 2015 [9225][-none-][FATAL]  Query Failed: SELECT id FROM aow_workflow WHERE aow_workflow.flow_module = 'ACLActions' AND aow_workflow.status = 'Active' AND aow_workflow.deleted = 0 : MySQL error 1146: Table 'suitecrm.aow_workflow' doesn't exist
Thu Jul 30 21:07:39 2015 [9225][-none-][FATAL]  Query Failed: SELECT id FROM aow_workflow WHERE aow_workflow.flow_module = 'ACLActions' AND aow_workflow.status = 'Active' AND aow_workflow.deleted = 0 : MySQL error 1146: Table 'suitecrm.aow_workflow' doesn't exist
Thu Jul 30 21:07:39 2015 [9225][-none-][FATAL]  Query Failed: SELECT id FROM aow_workflow WHERE aow_workflow.flow_module = 'ACLActions' AND aow_workflow.status = 'Active' AND aow_workflow.deleted = 0 : MySQL error 1146: Table 'suitecrm.aow_workflow' doesn't exist
Thu Jul 30 21:07:39 2015 [9225][-none-][FATAL]  Query Failed: SELECT id FROM aow_workflow WHERE aow_workflow.flow_module = 'ACLActions' AND aow_workflow.status = 'Active' AND aow_workflow.deleted = 0 : MySQL error 1146: Table 'suitecrm.aow_workflow' doesn't exist
Thu Jul 30 21:07:39 2015 [9225][-none-][FATAL]  Query Failed: SELECT id FROM aow_workflow WHERE aow_workflow.flow_module = 'ACLActions' AND aow_workflow.status = 'Active' AND aow_workflow.deleted = 0 : MySQL error 1146: Table 'suitecrm.aow_workflow' doesn't exist
Thu Jul 30 21:07:39 2015 [9225][-none-][FATAL]  Query Failed: SELECT id FROM aow_workflow WHERE aow_workflow.flow_module = 'ACLActions' AND aow_workflow.status = 'Active' AND aow_workflow.deleted = 0 : MySQL error 1146: Table 'suitecrm.aow_workflow' doesn't exist
Thu Jul 30 21:07:39 2015 [9225][-none-][FATAL]  Query Failed: SELECT id FROM aow_workflow WHERE aow_workflow.flow_module = 'ACLActions' AND aow_workflow.status = 'Active' AND aow_workflow.deleted = 0 : MySQL error 1146: Table 'suitecrm.aow_workflow' doesn't exist
Thu Jul 30 21:07:39 2015 [9225][-none-][FATAL]  Query Failed: SELECT id FROM aow_workflow WHERE aow_workflow.flow_module = 'ACLActions' AND aow_workflow.status = 'Active' AND aow_workflow.deleted = 0 : MySQL error 1146: Table 'suitecrm.aow_workflow' doesn't exist
Thu Jul 30 21:07:39 2015 [9225][-none-][FATAL]  Query Failed: SELECT id FROM aow_workflow WHERE aow_workflow.flow_module = 'ACLActions' AND aow_workflow.status = 'Active' AND aow_workflow.deleted = 0 : MySQL error 1146: Table 'suitecrm.aow_workflow' doesn't exist
Thu Jul 30 21:07:39 2015 [9225][-none-][FATAL]  Query Failed: SELECT id FROM aow_workflow WHERE aow_workflow.flow_module = 'ACLActions' AND aow_workflow.status = 'Active' AND aow_workflow.deleted = 0 : MySQL error 1146: Table 'suitecrm.aow_workflow' doesn't exist
Thu Jul 30 21:07:40 2015 [9225][-none-][FATAL]  Query Failed: SELECT id FROM aow_workflow WHERE aow_workflow.flow_module = 'ACLActions' AND aow_workflow.status = 'Active' AND aow_workflow.deleted = 0 : MySQL error 1146: Table 'suitecrm.aow_workflow' doesn't exist
Thu Jul 30 21:07:40 2015 [9225][-none-][FATAL]  Query Failed: SELECT id FROM aow_workflow WHERE aow_workflow.flow_module = 'ACLActions' AND aow_workflow.status = 'Active' AND aow_workflow.deleted = 0 : MySQL error 1146: Table 'suitecrm.aow_workflow' doesn't exist
Thu Jul 30 21:07:40 2015 [9225][-none-][FATAL]  Query Failed: SELECT id FROM aow_workflow WHERE aow_workflow.flow_module = 'ACLActions' AND aow_workflow.status = 'Active' AND aow_workflow.deleted = 0 : MySQL error 1146: Table 'suitecrm.aow_workflow' doesn't exist
Thu Jul 30 21:07:40 2015 [9225][-none-][FATAL]  Query Failed: SELECT id FROM aow_workflow WHERE aow_workflow.flow_module = 'ACLActions' AND aow_workflow.status = 'Active' AND aow_workflow.deleted = 0 : MySQL error 1146: Table 'suitecrm.aow_workflow' doesn't exist
Thu Jul 30 21:07:40 2015 [9225][-none-][FATAL]  Query Failed: SELECT id FROM aow_workflow WHERE aow_workflow.flow_module = 'ACLActions' AND aow_workflow.status = 'Active' AND aow_workflow.deleted = 0 : MySQL error 1146: Table 'suitecrm.aow_workflow' doesn't exist
Thu Jul 30 21:07:40 2015 [9225][-none-][FATAL]  Query Failed: SELECT id FROM aow_workflow WHERE aow_workflow.flow_module = 'ACLActions' AND aow_workflow.status = 'Active' AND aow_workflow.deleted = 0 : MySQL error 1146: Table 'suitecrm.aow_workflow' doesn't exist
Thu Jul 30 21:07:40 2015 [9225][-none-][FATAL]  Query Failed: SELECT id FROM aow_workflow WHERE aow_workflow.flow_module = 'ACLActions' AND aow_workflow.status = 'Active' AND aow_workflow.deleted = 0 : MySQL error 1146: Table 'suitecrm.aow_workflow' doesn't exist
Thu Jul 30 21:07:40 2015 [9225][-none-][FATAL]  Query Failed: SELECT id FROM aow_workflow WHERE aow_workflow.flow_module = 'ACLActions' AND aow_workflow.status = 'Active' AND aow_workflow.deleted = 0 : MySQL error 1146: Table 'suitecrm.aow_workflow' doesn't exist
Thu Jul 30 21:07:40 2015 [9225][-none-][FATAL]  Query Failed: SELECT id FROM aow_workflow WHERE aow_workflow.flow_module = 'ACLActions' AND aow_workflow.status = 'Active' AND aow_workflow.deleted = 0 : MySQL error 1146: Table 'suitecrm.aow_workflow' doesn't exist
Thu Jul 30 21:07:40 2015 [9225][-none-][FATAL]  Query Failed: SELECT id FROM aow_workflow WHERE aow_workflow.flow_module = 'ACLActions' AND aow_workflow.status = 'Active' AND aow_workflow.deleted = 0 : MySQL error 1146: Table 'suitecrm.aow_workflow' doesn't exist
Thu Jul 30 21:07:40 2015 [9225][-none-][FATAL]  Query Failed: SELECT id FROM aow_workflow WHERE aow_workflow.flow_module = 'ACLActions' AND aow_workflow.status = 'Active' AND aow_workflow.deleted = 0 : MySQL error 1146: Table 'suitecrm.aow_workflow' doesn't exist
Thu Jul 30 21:07:40 2015 [9225][-none-][FATAL]  Query Failed: SELECT id FROM aow_workflow WHERE aow_workflow.flow_module = 'ACLActions' AND aow_workflow.status = 'Active' AND aow_workflow.deleted = 0 : MySQL error 1146: Table 'suitecrm.aow_workflow' doesn't exist
Thu Jul 30 21:07:40 2015 [9225][-none-][FATAL]  Query Failed: SELECT id FROM aow_workflow WHERE aow_workflow.flow_module = 'ACLActions' AND aow_workflow.status = 'Active' AND aow_workflow.deleted = 0 : MySQL error 1146: Table 'suitecrm.aow_workflow' doesn't exist
Thu Jul 30 21:07:40 2015 [9225][-none-][FATAL]  Query Failed: SELECT id FROM aow_workflow WHERE aow_workflow.flow_module = 'ACLActions' AND aow_workflow.status = 'Active' AND aow_workflow.deleted = 0 : MySQL error 1146: Table 'suitecrm.aow_workflow' doesn't exist
Thu Jul 30 21:07:40 2015 [9225][-none-][FATAL]  Query Failed: SELECT id FROM aow_workflow WHERE aow_workflow.flow_module = 'ACLActions' AND aow_workflow.status = 'Active' AND aow_workflow.deleted = 0 : MySQL error 1146: Table 'suitecrm.aow_workflow' doesn't exist
Thu Jul 30 21:07:40 2015 [9225][-none-][FATAL]  Query Failed: SELECT id FROM aow_workflow WHERE aow_workflow.flow_module = 'ACLActions' AND aow_workflow.status = 'Active' AND aow_workflow.deleted = 0 : MySQL error 1146: Table 'suitecrm.aow_workflow' doesn't exist
Thu Jul 30 21:07:40 2015 [9225][-none-][FATAL]  Query Failed: SELECT id FROM aow_workflow WHERE aow_workflow.flow_module = 'ACLActions' AND aow_workflow.status = 'Active' AND aow_workflow.deleted = 0 : MySQL error 1146: Table 'suitecrm.aow_workflow' doesn't exist
Thu Jul 30 21:07:40 2015 [9225][-none-][FATAL]  Query Failed: SELECT id FROM aow_workflow WHERE aow_workflow.flow_module = 'ACLActions' AND aow_workflow.status = 'Active' AND aow_workflow.deleted = 0 : MySQL error 1146: Table 'suitecrm.aow_workflow' doesn't exist
Thu Jul 30 21:07:40 2015 [9225][-none-][FATAL]  Query Failed: SELECT id FROM aow_workflow WHERE aow_workflow.flow_module = 'ACLActions' AND aow_workflow.status = 'Active' AND aow_workflow.deleted = 0 : MySQL error 1146: Table 'suitecrm.aow_workflow' doesn't exist
Thu Jul 30 21:07:40 2015 [9225][-none-][FATAL]  Query Failed: SELECT id FROM aow_workflow WHERE aow_workflow.flow_module = 'ACLActions' AND aow_workflow.status = 'Active' AND aow_workflow.deleted = 0 : MySQL error 1146: Table 'suitecrm.aow_workflow' doesn't exist
Thu Jul 30 21:07:40 2015 [9225][-none-][FATAL]  Query Failed: SELECT id FROM aow_workflow WHERE aow_workflow.flow_module = 'ACLActions' AND aow_workflow.status = 'Active' AND aow_workflow.deleted = 0 : MySQL error 1146: Table 'suitecrm.aow_workflow' doesn't exist
Thu Jul 30 21:07:40 2015 [9225][-none-][FATAL]  Query Failed: SELECT id FROM aow_workflow WHERE aow_workflow.flow_module = 'ACLActions' AND aow_workflow.status = 'Active' AND aow_workflow.deleted = 0 : MySQL error 1146: Table 'suitecrm.aow_workflow' doesn't exist
Thu Jul 30 21:07:40 2015 [9225][-none-][FATAL]  Query Failed: SELECT id FROM aow_workflow WHERE aow_workflow.flow_module = 'ACLActions' AND aow_workflow.status = 'Active' AND aow_workflow.deleted = 0 : MySQL error 1146: Table 'suitecrm.aow_workflow' doesn't exist
Thu Jul 30 21:07:40 2015 [9225][-none-][FATAL]  Query Failed: SELECT id FROM aow_workflow WHERE aow_workflow.flow_module = 'ACLActions' AND aow_workflow.status = 'Active' AND aow_workflow.deleted = 0 : MySQL error 1146: Table 'suitecrm.aow_workflow' doesn't exist
Thu Jul 30 21:07:40 2015 [9225][-none-][FATAL]  Query Failed: SELECT id FROM aow_workflow WHERE aow_workflow.flow_module = 'ACLActions' AND aow_workflow.status = 'Active' AND aow_workflow.deleted = 0 : MySQL error 1146: Table 'suitecrm.aow_workflow' doesn't exist
Thu Jul 30 21:07:40 2015 [9225][-none-][FATAL]  Query Failed: SELECT id FROM aow_workflow WHERE aow_workflow.flow_module = 'ACLActions' AND aow_workflow.status = 'Active' AND aow_workflow.deleted = 0 : MySQL error 1146: Table 'suitecrm.aow_workflow' doesn't exist
Thu Jul 30 21:07:40 2015 [9225][-none-][FATAL]  Query Failed: SELECT id FROM aow_workflow WHERE aow_workflow.flow_module = 'ACLActions' AND aow_workflow.status = 'Active' AND aow_workflow.deleted = 0 : MySQL error 1146: Table 'suitecrm.aow_workflow' doesn't exist
Thu Jul 30 21:07:40 2015 [9225][-none-][FATAL]  Query Failed: SELECT id FROM aow_workflow WHERE aow_workflow.flow_module = 'ACLActions' AND aow_workflow.status = 'Active' AND aow_workflow.deleted = 0 : MySQL error 1146: Table 'suitecrm.aow_workflow' doesn't exist
Thu Jul 30 21:07:40 2015 [9225][-none-][FATAL]  Query Failed: SELECT id FROM aow_workflow WHERE aow_workflow.flow_module = 'ACLActions' AND aow_workflow.status = 'Active' AND aow_workflow.deleted = 0 : MySQL error 1146: Table 'suitecrm.aow_workflow' doesn't exist
Thu Jul 30 21:07:40 2015 [9225][-none-][FATAL]  Query Failed: SELECT id FROM aow_workflow WHERE aow_workflow.flow_module = 'ACLActions' AND aow_workflow.status = 'Active' AND aow_workflow.deleted = 0 : MySQL error 1146: Table 'suitecrm.aow_workflow' doesn't exist
Thu Jul 30 21:07:40 2015 [9225][-none-][FATAL]  Query Failed: SELECT id FROM aow_workflow WHERE aow_workflow.flow_module = 'ACLActions' AND aow_workflow.status = 'Active' AND aow_workflow.deleted = 0 : MySQL error 1146: Table 'suitecrm.aow_workflow' doesn't exist
Thu Jul 30 21:07:40 2015 [9225][-none-][FATAL]  Query Failed: SELECT id FROM aow_workflow WHERE aow_workflow.flow_module = 'ACLActions' AND aow_workflow.status = 'Active' AND aow_workflow.deleted = 0 : MySQL error 1146: Table 'suitecrm.aow_workflow' doesn't exist
Thu Jul 30 21:07:40 2015 [9225][-none-][FATAL]  Query Failed: SELECT id FROM aow_workflow WHERE aow_workflow.flow_module = 'ACLActions' AND aow_workflow.status = 'Active' AND aow_workflow.deleted = 0 : MySQL error 1146: Table 'suitecrm.aow_workflow' doesn't exist
Thu Jul 30 21:07:40 2015 [9225][-none-][FATAL]  Query Failed: SELECT id FROM aow_workflow WHERE aow_workflow.flow_module = 'ACLActions' AND aow_workflow.status = 'Active' AND aow_workflow.deleted = 0 : MySQL error 1146: Table 'suitecrm.aow_workflow' doesn't exist
Thu Jul 30 21:07:40 2015 [9225][-none-][FATAL]  Query Failed: SELECT id FROM aow_workflow WHERE aow_workflow.flow_module = 'ACLActions' AND aow_workflow.status = 'Active' AND aow_workflow.deleted = 0 : MySQL error 1146: Table 'suitecrm.aow_workflow' doesn't exist
Thu Jul 30 21:07:40 2015 [9225][-none-][FATAL]  Query Failed: SELECT id FROM aow_workflow WHERE aow_workflow.flow_module = 'ACLActions' AND aow_workflow.status = 'Active' AND aow_workflow.deleted = 0 : MySQL error 1146: Table 'suitecrm.aow_workflow' doesn't exist
Thu Jul 30 21:07:40 2015 [9225][-none-][FATAL]  Query Failed: SELECT id FROM aow_workflow WHERE aow_workflow.flow_module = 'ACLActions' AND aow_workflow.status = 'Active' AND aow_workflow.deleted = 0 : MySQL error 1146: Table 'suitecrm.aow_workflow' doesn't exist
Thu Jul 30 21:07:40 2015 [9225][-none-][FATAL]  Query Failed: SELECT id FROM aow_workflow WHERE aow_workflow.flow_module = 'ACLActions' AND aow_workflow.status = 'Active' AND aow_workflow.deleted = 0 : MySQL error 1146: Table 'suitecrm.aow_workflow' doesn't exist
Thu Jul 30 21:07:40 2015 [9225][-none-][FATAL]  Query Failed: SELECT id FROM aow_workflow WHERE aow_workflow.flow_module = 'ACLActions' AND aow_workflow.status = 'Active' AND aow_workflow.deleted = 0 : MySQL error 1146: Table 'suitecrm.aow_workflow' doesn't exist
Thu Jul 30 21:07:40 2015 [9225][-none-][FATAL]  Query Failed: SELECT id FROM aow_workflow WHERE aow_workflow.flow_module = 'ACLActions' AND aow_workflow.status = 'Active' AND aow_workflow.deleted = 0 : MySQL error 1146: Table 'suitecrm.aow_workflow' doesn't exist
Thu Jul 30 21:07:40 2015 [9225][-none-][FATAL]  Query Failed: SELECT id FROM aow_workflow WHERE aow_workflow.flow_module = 'ACLActions' AND aow_workflow.status = 'Active' AND aow_workflow.deleted = 0 : MySQL error 1146: Table 'suitecrm.aow_workflow' doesn't exist
Thu Jul 30 21:07:40 2015 [9225][-none-][FATAL]  Query Failed: SELECT id FROM aow_workflow WHERE aow_workflow.flow_module = 'ACLActions' AND aow_workflow.status = 'Active' AND aow_workflow.deleted = 0 : MySQL error 1146: Table 'suitecrm.aow_workflow' doesn't exist
Thu Jul 30 21:07:40 2015 [9225][-none-][FATAL]  Query Failed: SELECT id FROM aow_workflow WHERE aow_workflow.flow_module = 'ACLActions' AND aow_workflow.status = 'Active' AND aow_workflow.deleted = 0 : MySQL error 1146: Table 'suitecrm.aow_workflow' doesn't exist
Thu Jul 30 21:07:40 2015 [9225][-none-][FATAL]  Query Failed: SELECT id FROM aow_workflow WHERE aow_workflow.flow_module = 'ACLActions' AND aow_workflow.status = 'Active' AND aow_workflow.deleted = 0 : MySQL error 1146: Table 'suitecrm.aow_workflow' doesn't exist
Thu Jul 30 21:07:40 2015 [9225][-none-][FATAL]  Query Failed: SELECT id FROM aow_workflow WHERE aow_workflow.flow_module = 'ACLActions' AND aow_workflow.status = 'Active' AND aow_workflow.deleted = 0 : MySQL error 1146: Table 'suitecrm.aow_workflow' doesn't exist
Thu Jul 30 21:07:40 2015 [9225][-none-][FATAL]  Query Failed: SELECT id FROM aow_workflow WHERE aow_workflow.flow_module = 'ACLActions' AND aow_workflow.status = 'Active' AND aow_workflow.deleted = 0 : MySQL error 1146: Table 'suitecrm.aow_workflow' doesn't exist
Thu Jul 30 21:07:40 2015 [9225][-none-][FATAL]  Query Failed: SELECT id FROM aow_workflow WHERE aow_workflow.flow_module = 'ACLActions' AND aow_workflow.status = 'Active' AND aow_workflow.deleted = 0 : MySQL error 1146: Table 'suitecrm.aow_workflow' doesn't exist
Thu Jul 30 21:08:01 2015 [9225][-none-][FATAL] Configuration variable date.timezone is not set, guessed timezone UTC. Please set date.timezone="UTC" in php.ini!
Thu Jul 30 21:08:03 2015 [9225][-none-][FATAL] Configuration variable date.timezone is not set, guessed timezone UTC. Please set date.timezone="UTC" in php.ini!
Thu Jul 30 21:08:03 2015 [9225][-none-][FATAL] Configuration variable date.timezone is not set, guessed timezone UTC. Please set date.timezone="UTC" in php.ini!
Thu Jul 30 21:08:11 2015 [9225][-none-][FATAL] Configuration variable date.timezone is not set, guessed timezone UTC. Please set date.timezone="UTC" in php.ini!
Thu Jul 30 21:08:12 2015 [9225][-none-][FATAL] Configuration variable date.timezone is not set, guessed timezone UTC. Please set date.timezone="UTC" in php.ini!
Thu Jul 30 21:08:13 2015 [9225][-none-][FATAL] Configuration variable date.timezone is not set, guessed timezone UTC. Please set date.timezone="UTC" in php.ini!
Thu Jul 30 21:08:20 2015 [9225][-none-][FATAL] Configuration variable date.timezone is not set, guessed timezone UTC. Please set date.timezone="UTC" in php.ini!
Thu Jul 30 21:08:20 2015 [9225][-none-][FATAL] Configuration variable date.timezone is not set, guessed timezone UTC. Please set date.timezone="UTC" in php.ini!
Thu Jul 30 21:08:21 2015 [9225][-none-][FATAL] Configuration variable date.timezone is not set, guessed timezone UTC. Please set date.timezone="UTC" in php.ini!
Thu Jul 30 21:08:36 2015 [9225][-none-][FATAL] Configuration variable date.timezone is not set, guessed timezone UTC. Please set date.timezone="UTC" in php.ini!
Thu Jul 30 21:08:37 2015 [9225][-none-][FATAL] Configuration variable date.timezone is not set, guessed timezone UTC. Please set date.timezone="UTC" in php.ini!
Thu Jul 30 21:08:42 2015 [9225][-none-][FATAL] Configuration variable date.timezone is not set, guessed timezone UTC. Please set date.timezone="UTC" in php.ini!
Thu Jul 30 21:08:53 2015 [9225][-none-][FATAL] Configuration variable date.timezone is not set, guessed timezone UTC. Please set date.timezone="UTC" in php.ini!
Thu Jul 30 21:08:55 2015 [9225][-none-][FATAL] Configuration variable date.timezone is not set, guessed timezone UTC. Please set date.timezone="UTC" in php.ini!
Thu Jul 30 21:09:01 2015 [9225][-none-][FATAL] Configuration variable date.timezone is not set, guessed timezone UTC. Please set date.timezone="UTC" in php.ini!
Thu Jul 30 21:09:03 2015 [9225][-none-][FATAL] Configuration variable date.timezone is not set, guessed timezone UTC. Please set date.timezone="UTC" in php.ini!
Thu Jul 30 21:09:03 2015 [9225][-none-][FATAL] Configuration variable date.timezone is not set, guessed timezone UTC. Please set date.timezone="UTC" in php.ini!
Thu Jul 30 21:09:07 2015 [9225][-none-][FATAL] Configuration variable date.timezone is not set, guessed timezone UTC. Please set date.timezone="UTC" in php.ini!
Thu Jul 30 21:09:09 2015 [9225][-none-][FATAL] Configuration variable date.timezone is not set, guessed timezone UTC. Please set date.timezone="UTC" in php.ini!
